components/FAQ.tsx(83,48): error TS2339: Property 'scrollHeight' does not exist on type 'never'.
components/FeaturesAccordion.tsx(112,48): error TS2339: Property 'scrollHeight' does not exist on type 'never'.
components/FeaturesAccordion.tsx(151,9): error TS2322: Type 'string | undefined' is not assignable to type 'string | StaticImport'.
  Type 'undefined' is not assignable to type 'string | StaticImport'.
components/FeaturesAccordion.tsx(152,9): error TS2322: Type 'string | undefined' is not assignable to type 'string'.
  Type 'undefined' is not assignable to type 'string'.
components/FeaturesListicle.tsx(499,18): error TS2532: Object is possibly 'undefined'.
components/FeaturesListicle.tsx(502,16): error TS2532: Object is possibly 'undefined'.
components/Header.tsx(12,26): error TS2307: Cannot find module './ButtonSignin' or its corresponding type declarations.
components/notification-manager.tsx(78,13): error TS2353: Object literal may only specify known properties, and 'duration' does not exist in type 'Toast'.
components/Testimonials3.tsx(66,19): error TS2322: Type 'string | StaticImageData | undefined' is not assignable to type 'string | StaticImport'.
  Type 'undefined' is not assignable to type 'string | StaticImport'.
components/ui/calendar.tsx(57,17): error TS2353: Object literal may only specify known properties, and 'IconLeft' does not exist in type 'Partial<CustomComponents>'.
lib/imap-monitor.ts(2,30): error TS7016: Could not find a declaration file for module 'mailparser'. 'C:/Users/Yash/OneDrive/Desktop/Workspaces/Instantly.ai/instantly/node_modules/mailparser/index.js' implicitly has an 'any' type.
  Try `npm i --save-dev @types/mailparser` if it exists or add a new declaration (.d.ts) file containing `declare module 'mailparser';`
lib/imap-monitor.ts(50,57): error TS7006: Parameter 'err' implicitly has an 'any' type.
lib/imap-monitor.ts(50,62): error TS7006: Parameter 'parsed' implicitly has an 'any' type.
lib/imap-monitor.ts(201,57): error TS7006: Parameter 'err' implicitly has an 'any' type.
lib/imap-monitor.ts(201,62): error TS7006: Parameter 'parsed' implicitly has an 'any' type.
lib/imap-sync.ts(1,19): error TS7016: Could not find a declaration file for module 'imap-simple'. 'C:/Users/Yash/OneDrive/Desktop/Workspaces/Instantly.ai/instantly/node_modules/imap-simple/index.js' implicitly has an 'any' type.
  Try `npm i --save-dev @types/imap-simple` if it exists or add a new declaration (.d.ts) file containing `declare module 'imap-simple';`
lib/imap-sync.ts(2,30): error TS7016: Could not find a declaration file for module 'mailparser'. 'C:/Users/Yash/OneDrive/Desktop/Workspaces/Instantly.ai/instantly/node_modules/mailparser/index.js' implicitly has an 'any' type.
  Try `npm i --save-dev @types/mailparser` if it exists or add a new declaration (.d.ts) file containing `declare module 'mailparser';`
lib/replies.ts(2,19): error TS7016: Could not find a declaration file for module 'imap-simple'. 'C:/Users/Yash/OneDrive/Desktop/Workspaces/Instantly.ai/instantly/node_modules/imap-simple/index.js' implicitly has an 'any' type.
  Try `npm i --save-dev @types/imap-simple` if it exists or add a new declaration (.d.ts) file containing `declare module 'imap-simple';`
lib/replies.ts(3,30): error TS7016: Could not find a declaration file for module 'mailparser'. 'C:/Users/Yash/OneDrive/Desktop/Workspaces/Instantly.ai/instantly/node_modules/mailparser/index.js' implicitly has an 'any' type.
  Try `npm i --save-dev @types/mailparser` if it exists or add a new declaration (.d.ts) file containing `declare module 'mailparser';`
lib/warmup-detection.ts(1,18): error TS7016: Could not find a declaration file for module 'imap'. 'C:/Users/Yash/OneDrive/Desktop/Workspaces/Instantly.ai/instantly/node_modules/imap/lib/Connection.js' implicitly has an 'any' type.
  Try `npm i --save-dev @types/imap` if it exists or add a new declaration (.d.ts) file containing `declare module 'imap';`
lib/warmup-detection.ts(2,30): error TS7016: Could not find a declaration file for module 'mailparser'. 'C:/Users/Yash/OneDrive/Desktop/Workspaces/Instantly.ai/instantly/node_modules/mailparser/index.js' implicitly has an 'any' type.
  Try `npm i --save-dev @types/mailparser` if it exists or add a new declaration (.d.ts) file containing `declare module 'mailparser';`
lib/warmup-detection.ts(48,38): error TS7006: Parameter 'err' implicitly has an 'any' type.
lib/warmup-detection.ts(58,50): error TS7006: Parameter 'err' implicitly has an 'any' type.
lib/warmup-detection.ts(58,55): error TS7006: Parameter 'results' implicitly has an 'any' type.
lib/warmup-detection.ts(67,38): error TS7006: Parameter 'msg' implicitly has an 'any' type.
lib/warmup-detection.ts(67,43): error TS7006: Parameter 'seqno' implicitly has an 'any' type.
lib/warmup-detection.ts(69,45): error TS7006: Parameter 'attrs' implicitly has an 'any' type.
lib/warmup-detection.ts(73,37): error TS7006: Parameter 'stream' implicitly has an 'any' type.
lib/warmup-detection.ts(75,44): error TS7006: Parameter 'chunk' implicitly has an 'any' type.
lib/warmup-detection.ts(112,42): error TS7006: Parameter 'err' implicitly has an 'any' type.
lib/warmup-detection.ts(118,39): error TS7006: Parameter 'err' implicitly has an 'any' type.
lib/warmup-detection.ts(130,38): error TS7006: Parameter 'err' implicitly has an 'any' type.
lib/warmup-detection.ts(136,45): error TS7006: Parameter 'err' implicitly has an 'any' type.
libs/gpt.ts(52,38): error TS2339: Property 'response' does not exist on type '{}'.
libs/gpt.ts(52,59): error TS2339: Property 'response' does not exist on type '{}'.
libs/schema.ts(10,5): error TS2353: Object literal may only specify known properties, and 'required_error' does not exist in type '{ error?: string | $ZodErrorMap<$ZodIssueInvalidValue<unknown>> | undefined; message?: string | undefined; }'.
libs/schema.ts(14,17): error TS2353: Object literal may only specify known properties, and 'invalid_type_error' does not exist in type '{ error?: string | $ZodErrorMap<$ZodIssueInvalidType<unknown>> | undefined; message?: string | undefined; }'.
libs/schema.ts(17,17): error TS2353: Object literal may only specify known properties, and 'invalid_type_error' does not exist in type '{ error?: string | $ZodErrorMap<$ZodIssueInvalidType<unknown>> | undefined; message?: string | undefined; }'.
libs/schema.ts(20,17): error TS2353: Object literal may only specify known properties, and 'invalid_type_error' does not exist in type '{ error?: string | $ZodErrorMap<$ZodIssueInvalidType<unknown>> | undefined; message?: string | undefined; }'.
libs/schema.ts(23,17): error TS2353: Object literal may only specify known properties, and 'invalid_type_error' does not exist in type '{ error?: string | $ZodErrorMap<$ZodIssueInvalidType<unknown>> | undefined; message?: string | undefined; }'.
libs/schema.ts(26,17): error TS2353: Object literal may only specify known properties, and 'invalid_type_error' does not exist in type '{ error?: string | $ZodErrorMap<$ZodIssueInvalidType<unknown>> | undefined; message?: string | undefined; }'.
libs/schema.ts(29,17): error TS2353: Object literal may only specify known properties, and 'invalid_type_error' does not exist in type '{ error?: string | $ZodErrorMap<$ZodIssueInvalidType<unknown>> | undefined; message?: string | undefined; }'.
libs/schema.ts(32,17): error TS2353: Object literal may only specify known properties, and 'invalid_type_error' does not exist in type '{ error?: string | $ZodErrorMap<$ZodIssueInvalidType<unknown>> | undefined; message?: string | undefined; }'.
libs/schema.ts(35,17): error TS2353: Object literal may only specify known properties, and 'invalid_type_error' does not exist in type '{ error?: string | $ZodErrorMap<$ZodIssueInvalidType<unknown>> | undefined; message?: string | undefined; }'.
libs/schema.ts(38,7): error TS2353: Object literal may only specify known properties, and 'invalid_type_error' does not exist in type '{ error?: string | $ZodErrorMap<$ZodIssueInvalidType<unknown>> | undefined; message?: string | undefined; }'.
libs/schema.ts(42,7): error TS2353: Object literal may only specify known properties, and 'invalid_type_error' does not exist in type '{ error?: string | $ZodErrorMap<$ZodIssueInvalidType<unknown>> | undefined; message?: string | undefined; }'.
libs/schema.ts(48,17): error TS2353: Object literal may only specify known properties, and 'invalid_type_error' does not exist in type '{ error?: string | $ZodErrorMap<$ZodIssueInvalidType<unknown>> | undefined; message?: string | undefined; }'.
libs/schema.ts(51,17): error TS2353: Object literal may only specify known properties, and 'invalid_type_error' does not exist in type '{ error?: string | $ZodErrorMap<$ZodIssueInvalidType<unknown>> | undefined; message?: string | undefined; }'.
libs/schema.ts(54,17): error TS2353: Object literal may only specify known properties, and 'invalid_type_error' does not exist in type '{ error?: string | $ZodErrorMap<$ZodIssueInvalidType<unknown>> | undefined; message?: string | undefined; }'.
libs/schema.ts(57,17): error TS2353: Object literal may only specify known properties, and 'invalid_type_error' does not exist in type '{ error?: string | $ZodErrorMap<$ZodIssueInvalidType<unknown>> | undefined; message?: string | undefined; }'.
libs/schema.ts(60,17): error TS2353: Object literal may only specify known properties, and 'invalid_type_error' does not exist in type '{ error?: string | $ZodErrorMap<$ZodIssueInvalidType<unknown>> | undefined; message?: string | undefined; }'.
libs/schema.ts(63,17): error TS2353: Object literal may only specify known properties, and 'invalid_type_error' does not exist in type '{ error?: string | $ZodErrorMap<$ZodIssueInvalidType<unknown>> | undefined; message?: string | undefined; }'.
libs/schema.ts(67,19): error TS2353: Object literal may only specify known properties, and 'invalid_type_error' does not exist in type '{ error?: string | $ZodErrorMap<$ZodIssueInvalidType<unknown>> | undefined; message?: string | undefined; }'.
libs/schema.ts(70,19): error TS2353: Object literal may only specify known properties, and 'invalid_type_error' does not exist in type '{ error?: string | $ZodErrorMap<$ZodIssueInvalidType<unknown>> | undefined; message?: string | undefined; }'.
libs/schema.ts(73,19): error TS2353: Object literal may only specify known properties, and 'invalid_type_error' does not exist in type '{ error?: string | $ZodErrorMap<$ZodIssueInvalidType<unknown>> | undefined; message?: string | undefined; }'.
libs/schema.ts(76,19): error TS2353: Object literal may only specify known properties, and 'invalid_type_error' does not exist in type '{ error?: string | $ZodErrorMap<$ZodIssueInvalidType<unknown>> | undefined; message?: string | undefined; }'.
libs/schema.ts(81,19): error TS2353: Object literal may only specify known properties, and 'invalid_type_error' does not exist in type '{ error?: string | $ZodErrorMap<$ZodIssueInvalidType<unknown>> | undefined; message?: string | undefined; }'.
libs/schema.ts(84,19): error TS2353: Object literal may only specify known properties, and 'invalid_type_error' does not exist in type '{ error?: string | $ZodErrorMap<$ZodIssueInvalidType<unknown>> | undefined; message?: string | undefined; }'.
libs/schema.ts(87,19): error TS2353: Object literal may only specify known properties, and 'invalid_type_error' does not exist in type '{ error?: string | $ZodErrorMap<$ZodIssueInvalidType<unknown>> | undefined; message?: string | undefined; }'.
libs/schema.ts(90,19): error TS2353: Object literal may only specify known properties, and 'invalid_type_error' does not exist in type '{ error?: string | $ZodErrorMap<$ZodIssueInvalidType<unknown>> | undefined; message?: string | undefined; }'.
libs/schema.ts(95,15): error TS2769: No overload matches this call.
  Overload 1 of 2, '(params?: string | { error?: string | $ZodErrorMap<$ZodIssueInvalidType<unknown>> | undefined; message?: string | undefined; } | undefined): ZodString', gave the following error.
    Object literal may only specify known properties, and 'required_error' does not exist in type '{ error?: string | $ZodErrorMap<$ZodIssueInvalidType<unknown>> | undefined; message?: string | undefined; }'.
  Overload 2 of 2, '(params?: string | { error?: string | $ZodErrorMap<$ZodIssueInvalidType<unknown>> | undefined; message?: string | undefined; } | undefined): $ZodType<...>', gave the following error.
    Object literal may only specify known properties, and 'required_error' does not exist in type '{ error?: string | $ZodErrorMap<$ZodIssueInvalidType<unknown>> | undefined; message?: string | undefined; }'.
libs/schema.ts(101,15): error TS2769: No overload matches this call.
  Overload 1 of 2, '(params?: string | { error?: string | $ZodErrorMap<$ZodIssueInvalidType<unknown>> | undefined; message?: string | undefined; } | undefined): ZodString', gave the following error.
    Object literal may only specify known properties, and 'required_error' does not exist in type '{ error?: string | $ZodErrorMap<$ZodIssueInvalidType<unknown>> | undefined; message?: string | undefined; }'.
  Overload 2 of 2, '(params?: string | { error?: string | $ZodErrorMap<$ZodIssueInvalidType<unknown>> | undefined; message?: string | undefined; } | undefined): $ZodType<...>', gave the following error.
    Object literal may only specify known properties, and 'required_error' does not exist in type '{ error?: string | $ZodErrorMap<$ZodIssueInvalidType<unknown>> | undefined; message?: string | undefined; }'.
libs/schema.ts(110,15): error TS2769: No overload matches this call.
  Overload 1 of 2, '(params?: string | { error?: string | $ZodErrorMap<$ZodIssueInvalidType<unknown>> | undefined; message?: string | undefined; } | undefined): ZodString', gave the following error.
    Object literal may only specify known properties, and 'required_error' does not exist in type '{ error?: string | $ZodErrorMap<$ZodIssueInvalidType<unknown>> | undefined; message?: string | undefined; }'.
  Overload 2 of 2, '(params?: string | { error?: string | $ZodErrorMap<$ZodIssueInvalidType<unknown>> | undefined; message?: string | undefined; } | undefined): $ZodType<...>', gave the following error.
    Object literal may only specify known properties, and 'required_error' does not exist in type '{ error?: string | $ZodErrorMap<$ZodIssueInvalidType<unknown>> | undefined; message?: string | undefined; }'.
libs/schema.ts(113,15): error TS2769: No overload matches this call.
  Overload 1 of 2, '(params?: string | { error?: string | $ZodErrorMap<$ZodIssueInvalidType<unknown>> | undefined; message?: string | undefined; } | undefined): ZodString', gave the following error.
    Object literal may only specify known properties, and 'required_error' does not exist in type '{ error?: string | $ZodErrorMap<$ZodIssueInvalidType<unknown>> | undefined; message?: string | undefined; }'.
  Overload 2 of 2, '(params?: string | { error?: string | $ZodErrorMap<$ZodIssueInvalidType<unknown>> | undefined; message?: string | undefined; } | undefined): $ZodType<...>', gave the following error.
    Object literal may only specify known properties, and 'required_error' does not exist in type '{ error?: string | $ZodErrorMap<$ZodIssueInvalidType<unknown>> | undefined; message?: string | undefined; }'.
libs/schema.ts(119,15): error TS2769: No overload matches this call.
  Overload 1 of 2, '(params?: string | { error?: string | $ZodErrorMap<$ZodIssueInvalidType<unknown>> | undefined; message?: string | undefined; } | undefined): ZodString', gave the following error.
    Object literal may only specify known properties, and 'required_error' does not exist in type '{ error?: string | $ZodErrorMap<$ZodIssueInvalidType<unknown>> | undefined; message?: string | undefined; }'.
  Overload 2 of 2, '(params?: string | { error?: string | $ZodErrorMap<$ZodIssueInvalidType<unknown>> | undefined; message?: string | undefined; } | undefined): $ZodType<...>', gave the following error.
    Object literal may only specify known properties, and 'required_error' does not exist in type '{ error?: string | $ZodErrorMap<$ZodIssueInvalidType<unknown>> | undefined; message?: string | undefined; }'.
libs/schema.ts(125,15): error TS2769: No overload matches this call.
  Overload 1 of 2, '(params?: string | { error?: string | $ZodErrorMap<$ZodIssueInvalidType<unknown>> | undefined; message?: string | undefined; } | undefined): ZodString', gave the following error.
    Object literal may only specify known properties, and 'required_error' does not exist in type '{ error?: string | $ZodErrorMap<$ZodIssueInvalidType<unknown>> | undefined; message?: string | undefined; }'.
  Overload 2 of 2, '(params?: string | { error?: string | $ZodErrorMap<$ZodIssueInvalidType<unknown>> | undefined; message?: string | undefined; } | undefined): $ZodType<...>', gave the following error.
    Object literal may only specify known properties, and 'required_error' does not exist in type '{ error?: string | $ZodErrorMap<$ZodIssueInvalidType<unknown>> | undefined; message?: string | undefined; }'.
libs/schema.ts(131,15): error TS2769: No overload matches this call.
  Overload 1 of 2, '(params?: string | { error?: string | $ZodErrorMap<$ZodIssueInvalidType<unknown>> | undefined; message?: string | undefined; } | undefined): ZodString', gave the following error.
    Object literal may only specify known properties, and 'required_error' does not exist in type '{ error?: string | $ZodErrorMap<$ZodIssueInvalidType<unknown>> | undefined; message?: string | undefined; }'.
  Overload 2 of 2, '(params?: string | { error?: string | $ZodErrorMap<$ZodIssueInvalidType<unknown>> | undefined; message?: string | undefined; } | undefined): $ZodType<...>', gave the following error.
    Object literal may only specify known properties, and 'required_error' does not exist in type '{ error?: string | $ZodErrorMap<$ZodIssueInvalidType<unknown>> | undefined; message?: string | undefined; }'.
libs/schema.ts(134,15): error TS2769: No overload matches this call.
  Overload 1 of 2, '(params?: string | { error?: string | $ZodErrorMap<$ZodIssueInvalidType<unknown>> | undefined; message?: string | undefined; } | undefined): ZodString', gave the following error.
    Object literal may only specify known properties, and 'required_error' does not exist in type '{ error?: string | $ZodErrorMap<$ZodIssueInvalidType<unknown>> | undefined; message?: string | undefined; }'.
  Overload 2 of 2, '(params?: string | { error?: string | $ZodErrorMap<$ZodIssueInvalidType<unknown>> | undefined; message?: string | undefined; } | undefined): $ZodType<...>', gave the following error.
    Object literal may only specify known properties, and 'required_error' does not exist in type '{ error?: string | $ZodErrorMap<$ZodIssueInvalidType<unknown>> | undefined; message?: string | undefined; }'.
libs/schema.ts(137,15): error TS2769: No overload matches this call.
  Overload 1 of 2, '(params?: string | { error?: string | $ZodErrorMap<$ZodIssueInvalidType<unknown>> | undefined; message?: string | undefined; } | undefined): ZodString', gave the following error.
    Object literal may only specify known properties, and 'required_error' does not exist in type '{ error?: string | $ZodErrorMap<$ZodIssueInvalidType<unknown>> | undefined; message?: string | undefined; }'.
  Overload 2 of 2, '(params?: string | { error?: string | $ZodErrorMap<$ZodIssueInvalidType<unknown>> | undefined; message?: string | undefined; } | undefined): $ZodType<...>', gave the following error.
    Object literal may only specify known properties, and 'required_error' does not exist in type '{ error?: string | $ZodErrorMap<$ZodIssueInvalidType<unknown>> | undefined; message?: string | undefined; }'.
libs/schema.ts(140,15): error TS2769: No overload matches this call.
  Overload 1 of 2, '(params?: string | { error?: string | $ZodErrorMap<$ZodIssueInvalidType<unknown>> | undefined; message?: string | undefined; } | undefined): ZodString', gave the following error.
    Object literal may only specify known properties, and 'required_error' does not exist in type '{ error?: string | $ZodErrorMap<$ZodIssueInvalidType<unknown>> | undefined; message?: string | undefined; }'.
  Overload 2 of 2, '(params?: string | { error?: string | $ZodErrorMap<$ZodIssueInvalidType<unknown>> | undefined; message?: string | undefined; } | undefined): $ZodType<...>', gave the following error.
    Object literal may only specify known properties, and 'required_error' does not exist in type '{ error?: string | $ZodErrorMap<$ZodIssueInvalidType<unknown>> | undefined; message?: string | undefined; }'.
